<?xml version="1.0" encoding="UTF-8"?>
<!-- Generated by org.testng.reporters.JUnitXMLReporter -->
<testsuite ignored="0" hostname="LAPTOP-PC7PRG3C" failures="0" tests="7" name="Default test" time="15.649" errors="0" timestamp="25 Feb 2022 10:10:59 GMT">
  <testcase classname="com.flipkart.FlipkartTv" name="loginpage" time="0.271"/>
  <testcase classname="com.flipkart.FlipkartTv" name="stockValidation1" time="3.995"/>
  <testcase classname="com.flipkart.FlipkartTv" name="windowhandling" time="1.237"/>
  <testcase classname="com.flipkart.FlipkartTv" name="excelread" time="0.026"/>
  <testcase classname="com.flipkart.FlipkartTv" name="screenshot" time="0.567"/>
  <testcase classname="com.flipkart.FlipkartTv" name="screenshot" time="0.454"/>
  <testcase classname="com.flipkart.FlipkartTv" name="screenshot" time="0.561"/>
</testsuite> <!-- Default test -->
